<?xml version="1.0" encoding="UTF-8"?>
<!-- Generated by org.testng.reporters.JUnitXMLReporter -->
<testsuite ignored="0" hostname="OSPL-R-44" failures="0" tests="3" name="Surefire test" time="9.562" errors="0" timestamp="2026-03-17T10:38:29 IST">
  <testcase classname="sd.restassured.JSONObj" name="SchemaValidation" time="5.086"/>
  <testcase classname="sd.restassured.JSONObj" name="testPostRequest" time="2.501"/>
  <testcase classname="sd.restassured.JSONObj" name="testPostRequestWithPojo" time="1.923"/>
</testsuite> <!-- Surefire test -->
