<?xml version="1.0" encoding="UTF-8"?>
<testsuite xmlns:xsi="http://www.w3.org/2001/XMLSchema-instance" xsi:noNamespaceSchemaLocation="https://maven.apache.org/surefire/maven-surefire-plugin/xsd/surefire-test-report-3.0.xsd" version="3.0" name="sd.restassured.JSONObj" time="10.398" tests="3" errors="0" skipped="0" failures="0">
  <properties>
[...]
</properties>
  <testcase name="SchemaValidation" classname="sd.restassured.JSONObj" time="5.092">
    <system-err><![CDATA[SLF4J(W): No SLF4J providers were found.
SLF4J(W): Defaulting to no-operation (NOP) logger implementation
SLF4J(W): See https://www.slf4j.org/codes.html#noProviders for further details.
]]></system-err>
  </testcase>
  <testcase name="testPostRequest" classname="sd.restassured.JSONObj" time="2.5">
    <system-out><![CDATA[{"name":"Apple MacBook Pro 16","data":{"year":2019,"price":1849.99,"CPU model":"Intel Core i9","Hard disk size":"1 TB"}}
{"id":"ff8081819cd4022c019cfa31f9aa38f6","name":"Apple MacBook Pro 16","createdAt":1773724105130,"data":{"year":2019,"price":1849.99,"CPU model":"Intel Core i9","Hard disk size":"1 TB"}}
]]></system-out>
  </testcase>
  <testcase name="testPostRequestWithPojo" classname="sd.restassured.JSONObj" time="1.921">
    <system-out><![CDATA[Product ID: null
sd.restassured.Product@7fc7152e
ff8081819cd4022c019cfa32059e38f8
Apple MacBook Pro 16
Intel Core i9
]]></system-out>
  </testcase>
</testsuite>