<?xml version="1.0" encoding="UTF-8"?>
<!-- Generated by org.testng.reporters.JUnitReportReporter -->
<testsuite hostname="OSPL-R-44" failures="0" tests="3" name="sd.restassured.JSONObj" time="9.510" errors="0" timestamp="2026-03-17T10:38:29 IST" skipped="0">
  <testcase classname="sd.restassured.JSONObj" name="testPostRequest" time="2.501"/>
  <testcase classname="sd.restassured.JSONObj" name="testPostRequestWithPojo" time="1.923"/>
  <testcase classname="sd.restassured.JSONObj" name="SchemaValidation" time="5.086"/>
</testsuite> <!-- sd.restassured.JSONObj -->
